<?xml version="1.0" encoding="UTF-8"?>
<testng-results skipped="0" failed="0" total="2" passed="2">
  <reporter-output>
  </reporter-output>
  <suite name="Default suite" duration-ms="8764" started-at="2023-04-16T15:20:44Z" finished-at="2023-04-16T15:20:53Z">
    <groups>
    </groups>
    <test name="Default test" duration-ms="8764" started-at="2023-04-16T15:20:44Z" finished-at="2023-04-16T15:20:53Z">
      <class name="variousConcepts.LearnTestNG">
        <test-method status="PASS" signature="readConfig()[pri:0, instance:variousConcepts.LearnTestNG@4ec6a292]" name="readConfig" is-config="true" duration-ms="3" started-at="2023-04-16T10:20:44Z" finished-at="2023-04-16T10:20:44Z">
          <reporter-output>
          </reporter-output>
        </test-method> <!-- readConfig -->
        <test-method status="PASS" signature="init()[pri:0, instance:variousConcepts.LearnTestNG@4ec6a292]" name="init" is-config="true" duration-ms="2433" started-at="2023-04-16T10:20:44Z" finished-at="2023-04-16T10:20:47Z">
          <reporter-output>
          </reporter-output>
        </test-method> <!-- init -->
        <test-method status="PASS" signature="loginTest()[pri:0, instance:variousConcepts.LearnTestNG@4ec6a292]" name="loginTest" duration-ms="1524" started-at="2023-04-16T10:20:47Z" finished-at="2023-04-16T10:20:48Z">
          <reporter-output>
          </reporter-output>
        </test-method> <!-- loginTest -->
        <test-method status="PASS" signature="init()[pri:0, instance:variousConcepts.LearnTestNG@4ec6a292]" name="init" is-config="true" duration-ms="2060" started-at="2023-04-16T10:20:48Z" finished-at="2023-04-16T10:20:50Z">
          <reporter-output>
          </reporter-output>
        </test-method> <!-- init -->
        <test-method status="PASS" signature="addCustomer()[pri:0, instance:variousConcepts.LearnTestNG@4ec6a292]" name="addCustomer" duration-ms="2738" started-at="2023-04-16T10:20:50Z" finished-at="2023-04-16T10:20:53Z">
          <reporter-output>
          </reporter-output>
        </test-method> <!-- addCustomer -->
      </class> <!-- variousConcepts.LearnTestNG -->
    </test> <!-- Default test -->
  </suite> <!-- Default suite -->
</testng-results>
